<?xml version="1.0" encoding="UTF-8"?>
<!-- Generated by org.testng.reporters.JUnitReportReporter -->
<testsuite skipped="0" hostname="DESKTOP-JJAVE9T" name="simple.ELTC_003" tests="1" failures="0" timestamp="13 Nov 2019 05:53:13 GMT" time="11.580" errors="0">
  <testcase name="register1" time="11.580" classname="simple.ELTC_003"/>
</testsuite> <!-- simple.ELTC_003 -->
