<?xml version="1.0" encoding="UTF-8"?>
<!-- Generated by org.testng.reporters.JUnitReportReporter -->
<testsuite skipped="0" hostname="DESKTOP-JJAVE9T" name="simple.ELTC_002" tests="1" failures="0" timestamp="12 Nov 2019 17:19:25 GMT" time="22.130" errors="0">
  <testcase name="register1" time="22.130" classname="simple.ELTC_002"/>
</testsuite> <!-- simple.ELTC_002 -->
