<?xml version="1.0" encoding="UTF-8"?>
<!-- Generated by org.testng.reporters.JUnitReportReporter -->
<testsuite skipped="0" hostname="DESKTOP-JJAVE9T" name="TestClass" tests="1" failures="0" timestamp="12 Nov 2019 13:16:05 GMT" time="14.529" errors="0">
  <testcase name="register" time="14.529" classname="TestClass"/>
</testsuite> <!-- TestClass -->
