<?xml version="1.0" encoding="UTF-8"?>
<!-- Generated by org.testng.reporters.JUnitReportReporter -->
<testsuite skipped="0" hostname="DESKTOP-JJAVE9T" name="simple.TC001" tests="1" failures="0" timestamp="12 Nov 2019 06:20:30 GMT" time="0.018" errors="0">
  <testcase name="login" time="0.018" classname="simple.TC001"/>
</testsuite> <!-- simple.TC001 -->
